status file for recon-all
Sun May 31 17:10:07 EDT 2020
#@# MotionCor Sun May 31 17:10:07 EDT 2020
#@# Talairach Sun May 31 17:10:20 EDT 2020
#@# Talairach Failure Detection Sun May 31 17:11:59 EDT 2020
#@# Nu Intensity Correction Sun May 31 17:11:59 EDT 2020
#@# Intensity Normalization Sun May 31 17:14:07 EDT 2020
#@# Skull Stripping Sun May 31 17:15:56 EDT 2020
#@# EM Registration Sun May 31 20:34:18 EDT 2020
#@# CA Normalize Sun May 31 23:25:44 EDT 2020
#@# CA Reg Sun May 31 23:27:06 EDT 2020
#@# SubCort Seg Mon Jun  1 01:45:56 EDT 2020
#@# Merge ASeg Mon Jun  1 03:06:10 EDT 2020
#@# Intensity Normalization2 Mon Jun  1 03:06:10 EDT 2020
#@# Mask BFS Mon Jun  1 03:09:20 EDT 2020
#@# WM Segmentation Mon Jun  1 03:09:22 EDT 2020
#@# Fill Mon Jun  1 03:11:54 EDT 2020
#@# Tessellate lh Mon Jun  1 03:12:40 EDT 2020
#@# Tessellate rh Mon Jun  1 03:12:45 EDT 2020
#@# Smooth1 lh Mon Jun  1 03:12:51 EDT 2020
#@# Smooth1 rh Mon Jun  1 03:12:51 EDT 2020
#@# Inflation1 lh Mon Jun  1 03:13:00 EDT 2020
#@# Inflation1 rh Mon Jun  1 03:13:00 EDT 2020
#@# QSphere lh Mon Jun  1 03:13:51 EDT 2020
#@# QSphere rh Mon Jun  1 03:13:51 EDT 2020
#@# Fix Topology Copy lh Mon Jun  1 03:18:12 EDT 2020
#@# Fix Topology Copy rh Mon Jun  1 03:18:13 EDT 2020
#@# Fix Topology lh Mon Jun  1 03:18:13 EDT 2020
#@# Fix Topology rh Mon Jun  1 03:18:13 EDT 2020
#@# Make White Surf lh Mon Jun  1 13:47:32 EDT 2020
#@# Make White Surf rh Mon Jun  1 13:47:32 EDT 2020
#@# Smooth2 lh Mon Jun  1 13:51:50 EDT 2020
#@# Smooth2 rh Mon Jun  1 13:51:50 EDT 2020
#@# Inflation2 lh Mon Jun  1 13:51:57 EDT 2020
#@# Inflation2 rh Mon Jun  1 13:51:57 EDT 2020
#@# Curv .H and .K lh Mon Jun  1 13:52:40 EDT 2020
#@# Curv .H and .K rh Mon Jun  1 13:52:40 EDT 2020
#@# Curvature Stats lh Mon Jun  1 13:53:42 EDT 2020
#@# Curvature Stats rh Mon Jun  1 13:53:46 EDT 2020
#@# Sphere lh Mon Jun  1 13:53:50 EDT 2020
#@# Sphere rh Mon Jun  1 13:53:50 EDT 2020
#@# Surf Reg lh Mon Jun  1 14:38:53 EDT 2020
#@# Surf Reg rh Mon Jun  1 14:38:53 EDT 2020
#@# Jacobian white lh Mon Jun  1 15:58:04 EDT 2020
#@# Jacobian white rh Mon Jun  1 15:58:04 EDT 2020
#@# AvgCurv lh Mon Jun  1 15:58:06 EDT 2020
#@# AvgCurv rh Mon Jun  1 15:58:06 EDT 2020
#@# Cortical Parc lh Mon Jun  1 15:58:08 EDT 2020
#@# Cortical Parc rh Mon Jun  1 15:58:08 EDT 2020
#@# Make Pial Surf lh Mon Jun  1 15:58:19 EDT 2020
#@# Make Pial Surf rh Mon Jun  1 15:58:19 EDT 2020
#@# Surf Volume lh Mon Jun  1 16:09:22 EDT 2020
#@# Surf Volume rh Mon Jun  1 16:09:25 EDT 2020
#@# Cortical ribbon mask Mon Jun  1 16:09:28 EDT 2020
#@# Parcellation Stats lh Mon Jun  1 16:22:20 EDT 2020
#@# Parcellation Stats rh Mon Jun  1 16:22:20 EDT 2020
#@# Cortical Parc 2 lh Mon Jun  1 16:23:08 EDT 2020
#@# Cortical Parc 2 rh Mon Jun  1 16:23:08 EDT 2020
#@# Parcellation Stats 2 lh Mon Jun  1 16:23:23 EDT 2020
#@# Parcellation Stats 2 rh Mon Jun  1 16:23:23 EDT 2020
#@# Cortical Parc 3 lh Mon Jun  1 16:23:53 EDT 2020
#@# Cortical Parc 3 rh Mon Jun  1 16:23:53 EDT 2020
#@# Parcellation Stats 3 lh Mon Jun  1 16:24:04 EDT 2020
#@# Parcellation Stats 3 rh Mon Jun  1 16:24:04 EDT 2020
#@# WM/GM Contrast lh Mon Jun  1 16:25:01 EDT 2020
#@# WM/GM Contrast rh Mon Jun  1 16:25:01 EDT 2020
#@# Relabel Hypointensities Mon Jun  1 16:25:10 EDT 2020
#@# AParc-to-ASeg aparc Mon Jun  1 16:25:52 EDT 2020
#@# AParc-to-ASeg a2009s Mon Jun  1 16:25:52 EDT 2020
#@# AParc-to-ASeg DKTatlas Mon Jun  1 16:25:52 EDT 2020
#@# APas-to-ASeg Mon Jun  1 16:33:14 EDT 2020
#@# ASeg Stats Mon Jun  1 16:33:23 EDT 2020
#@# WMParc Mon Jun  1 16:34:29 EDT 2020
#@# BA_exvivo Labels lh Mon Jun  1 16:44:17 EDT 2020
#@# BA_exvivo Labels rh Mon Jun  1 16:46:53 EDT 2020
recon-all -s la02 finished without error at Mon Jun  1 16:49:26 EDT 2020
